  [1m[35m (0.0ms)[0m  [1m[34mSELECT sqlite_version(*)[0m
  ↳ C:/RailsInstaller/Ruby2.3.0/bin/rake:23
  [1m[35m (8.0ms)[0m  [1m[35mCREATE TABLE "schema_migrations" ("version" varchar NOT NULL PRIMARY KEY)[0m
  ↳ C:/RailsInstaller/Ruby2.3.0/bin/rake:23
  [1m[35m (8.0ms)[0m  [1m[35mCREATE TABLE "ar_internal_metadata" ("key" varchar NOT NULL PRIMARY KEY, "value" varchar, "created_at" datetime NOT NULL, "updated_at" datetime NOT NULL)[0m
  ↳ C:/RailsInstaller/Ruby2.3.0/bin/rake:23
  [1m[35m (0.0ms)[0m  [1m[34mSELECT "schema_migrations"."version" FROM "schema_migrations" ORDER BY "schema_migrations"."version" ASC[0m
  ↳ C:/RailsInstaller/Ruby2.3.0/bin/rake:23
Migrating to CreateAppointments (20180627135559)
  [1m[35m (0.0ms)[0m  [1m[36mbegin transaction[0m
  ↳ C:/RailsInstaller/Ruby2.3.0/bin/rake:23
  [1m[35m (1.0ms)[0m  [1m[35mCREATE TABLE "appointments" ("id" integer PRIMARY KEY AUTOINCREMENT NOT NULL, "title" varchar, "description" varchar, "event_date" date, "created_at" datetime NOT NULL, "updated_at" datetime NOT NULL)[0m
  ↳ db/migrate/20180627135559_create_appointments.rb:3
  [1m[36mActiveRecord::SchemaMigration Create (0.0ms)[0m  [1m[32mINSERT INTO "schema_migrations" ("version") VALUES (?)[0m  [["version", "20180627135559"]]
  ↳ C:/RailsInstaller/Ruby2.3.0/bin/rake:23
  [1m[35m (7.0ms)[0m  [1m[36mcommit transaction[0m
  ↳ C:/RailsInstaller/Ruby2.3.0/bin/rake:23
  [1m[36mActiveRecord::InternalMetadata Load (0.0ms)[0m  [1m[34mSELECT  "ar_internal_metadata".* FROM "ar_internal_metadata" WHERE "ar_internal_metadata"."key" = ? LIMIT ?[0m  [["key", "environment"], ["LIMIT", 1]]
  ↳ C:/RailsInstaller/Ruby2.3.0/bin/rake:23
  [1m[35m (0.0ms)[0m  [1m[36mbegin transaction[0m
  ↳ C:/RailsInstaller/Ruby2.3.0/bin/rake:23
  [1m[36mActiveRecord::InternalMetadata Create (0.0ms)[0m  [1m[32mINSERT INTO "ar_internal_metadata" ("key", "value", "created_at", "updated_at") VALUES (?, ?, ?, ?)[0m  [["key", "environment"], ["value", "development"], ["created_at", "2018-06-27 13:56:18.404091"], ["updated_at", "2018-06-27 13:56:18.404091"]]
  ↳ C:/RailsInstaller/Ruby2.3.0/bin/rake:23
  [1m[35m (7.0ms)[0m  [1m[36mcommit transaction[0m
  ↳ C:/RailsInstaller/Ruby2.3.0/bin/rake:23
  [1m[35m (0.0ms)[0m  [1m[34mSELECT "schema_migrations"."version" FROM "schema_migrations" ORDER BY "schema_migrations"."version" ASC[0m
  ↳ C:/RailsInstaller/Ruby2.3.0/bin/rake:23
Started GET "/" for 127.0.0.1 at 2018-06-27 16:56:32 +0300
  [1m[35m (0.0ms)[0m  [1m[34mSELECT "schema_migrations"."version" FROM "schema_migrations" ORDER BY "schema_migrations"."version" ASC[0m
  ↳ C:/RailsInstaller/Ruby2.3.0/lib/ruby/gems/2.3.0/gems/activerecord-5.2.0/lib/active_record/log_subscriber.rb:98
Processing by Rails::WelcomeController#index as HTML
  Rendering C:/RailsInstaller/Ruby2.3.0/lib/ruby/gems/2.3.0/gems/railties-5.2.0/lib/rails/templates/rails/welcome/index.html.erb
  Rendered C:/RailsInstaller/Ruby2.3.0/lib/ruby/gems/2.3.0/gems/railties-5.2.0/lib/rails/templates/rails/welcome/index.html.erb (9.0ms)
Completed 200 OK in 77ms (Views: 43.6ms | ActiveRecord: 0.0ms)


Started GET "/favicon.ico" for 127.0.0.1 at 2018-06-27 16:56:33 +0300
  
ActionController::RoutingError (No route matches [GET] "/favicon.ico"):
  
actionpack (5.2.0) lib/action_dispatch/middleware/debug_exceptions.rb:65:in `call'
actionpack (5.2.0) lib/action_dispatch/middleware/show_exceptions.rb:33:in `call'
railties (5.2.0) lib/rails/rack/logger.rb:38:in `call_app'
railties (5.2.0) lib/rails/rack/logger.rb:26:in `block in call'
activesupport (5.2.0) lib/active_support/tagged_logging.rb:71:in `block in tagged'
activesupport (5.2.0) lib/active_support/tagged_logging.rb:28:in `tagged'
activesupport (5.2.0) lib/active_support/tagged_logging.rb:71:in `tagged'
railties (5.2.0) lib/rails/rack/logger.rb:26:in `call'
actionpack (5.2.0) lib/action_dispatch/middleware/remote_ip.rb:81:in `call'
actionpack (5.2.0) lib/action_dispatch/middleware/request_id.rb:27:in `call'
rack (2.0.5) lib/rack/runtime.rb:22:in `call'
activesupport (5.2.0) lib/active_support/cache/strategy/local_cache_middleware.rb:29:in `call'
actionpack (5.2.0) lib/action_dispatch/middleware/executor.rb:14:in `call'
actionpack (5.2.0) lib/action_dispatch/middleware/static.rb:127:in `call'
rack (2.0.5) lib/rack/sendfile.rb:111:in `call'
railties (5.2.0) lib/rails/engine.rb:524:in `call'
puma (3.11.4) lib/puma/configuration.rb:225:in `call'
puma (3.11.4) lib/puma/server.rb:632:in `handle_request'
puma (3.11.4) lib/puma/server.rb:446:in `process_client'
puma (3.11.4) lib/puma/server.rb:306:in `block in run'
puma (3.11.4) lib/puma/thread_pool.rb:120:in `block in spawn_thread'
Started GET "/appointments" for 127.0.0.1 at 2018-06-27 16:57:17 +0300
Processing by AppointmentsController#index as */*
  [1m[36mAppointment Load (0.0ms)[0m  [1m[34mSELECT "appointments".* FROM "appointments"[0m
  ↳ app/controllers/appointments_controller.rb:8
Completed 200 OK in 6ms (Views: 3.4ms | ActiveRecord: 1.0ms)


Started POST "/appointments" for 127.0.0.1 at 2018-06-27 17:02:16 +0300
Processing by AppointmentsController#create as */*
Completed 400 Bad Request in 0ms (ActiveRecord: 0.0ms)


  
ActionController::ParameterMissing (param is missing or the value is empty: appointment):
  
app/controllers/appointments_controller.rb:49:in `appointment_params'
app/controllers/appointments_controller.rb:18:in `create'
Started POST "/appointments" for 127.0.0.1 at 2018-06-27 17:02:30 +0300
Processing by AppointmentsController#create as */*
Completed 400 Bad Request in 0ms (ActiveRecord: 0.0ms)


  
ActionController::ParameterMissing (param is missing or the value is empty: appointment):
  
app/controllers/appointments_controller.rb:49:in `appointment_params'
app/controllers/appointments_controller.rb:18:in `create'
Started POST "/appointments" for 127.0.0.1 at 2018-06-27 17:03:45 +0300
Processing by AppointmentsController#create as */*
Completed 400 Bad Request in 1ms (ActiveRecord: 0.0ms)


  
ActionController::ParameterMissing (param is missing or the value is empty: appointment):
  
app/controllers/appointments_controller.rb:49:in `appointment_params'
app/controllers/appointments_controller.rb:18:in `create'
Started POST "/appointments" for 127.0.0.1 at 2018-06-27 17:04:33 +0300
Processing by AppointmentsController#create as */*
  Parameters: {"title"=>"Ardos", "description"=>"Dogum gunu", "event_date"=>"null", "appointment"=>{"title"=>"Ardos", "description"=>"Dogum gunu", "event_date"=>"null"}}
  [1m[35m (0.0ms)[0m  [1m[36mbegin transaction[0m
  ↳ app/controllers/appointments_controller.rb:20
  [1m[36mAppointment Create (1.0ms)[0m  [1m[32mINSERT INTO "appointments" ("title", "description", "created_at", "updated_at") VALUES (?, ?, ?, ?)[0m  [["title", "Ardos"], ["description", "Dogum gunu"], ["created_at", "2018-06-27 14:04:33.448566"], ["updated_at", "2018-06-27 14:04:33.448566"]]
  ↳ app/controllers/appointments_controller.rb:20
  [1m[35m (8.0ms)[0m  [1m[36mcommit transaction[0m
  ↳ app/controllers/appointments_controller.rb:20
Completed 201 Created in 34ms (Views: 4.2ms | ActiveRecord: 9.0ms)


Started GET "/appointments" for 127.0.0.1 at 2018-06-27 17:04:45 +0300
Processing by AppointmentsController#index as */*
  Parameters: {"appointment"=>{}}
  [1m[36mAppointment Load (1.0ms)[0m  [1m[34mSELECT "appointments".* FROM "appointments"[0m
  ↳ app/controllers/appointments_controller.rb:8
Completed 200 OK in 174ms (Views: 172.2ms | ActiveRecord: 1.0ms)


Started POST "/appointments" for 127.0.0.1 at 2018-06-27 17:06:55 +0300
Processing by AppointmentsController#create as */*
  Parameters: {"title"=>"Ensar", "description"=>"Dogum gunu", "event_date"=>"03/10/1995", "appointment"=>{"title"=>"Ensar", "description"=>"Dogum gunu", "event_date"=>"03/10/1995"}}
  [1m[35m (0.0ms)[0m  [1m[36mbegin transaction[0m
  ↳ app/controllers/appointments_controller.rb:20
  [1m[36mAppointment Create (7.0ms)[0m  [1m[32mINSERT INTO "appointments" ("title", "description", "event_date", "created_at", "updated_at") VALUES (?, ?, ?, ?, ?)[0m  [["title", "Ensar"], ["description", "Dogum gunu"], ["event_date", "1995-10-03"], ["created_at", "2018-06-27 14:06:55.142524"], ["updated_at", "2018-06-27 14:06:55.142524"]]
  ↳ app/controllers/appointments_controller.rb:20
  [1m[35m (8.0ms)[0m  [1m[36mcommit transaction[0m
  ↳ app/controllers/appointments_controller.rb:20
Completed 201 Created in 25ms (Views: 0.7ms | ActiveRecord: 15.0ms)


Started GET "/appointments/id=1" for 127.0.0.1 at 2018-06-27 17:07:13 +0300
Processing by AppointmentsController#show as */*
  Parameters: {"id"=>"id=1", "appointment"=>{}}
  [1m[36mAppointment Load (0.0ms)[0m  [1m[34mSELECT  "appointments".* FROM "appointments" WHERE "appointments"."id" = ? LIMIT ?[0m  [["id", 0], ["LIMIT", 1]]
  ↳ app/controllers/appointments_controller.rb:44
Completed 404 Not Found in 166ms (ActiveRecord: 0.0ms)


  
ActiveRecord::RecordNotFound (Couldn't find Appointment with 'id'=id=1):
  
app/controllers/appointments_controller.rb:44:in `set_appointment'
Started GET "/appointments/?id=1" for 127.0.0.1 at 2018-06-27 17:07:27 +0300
Processing by AppointmentsController#index as */*
  Parameters: {"id"=>"1", "appointment"=>{}}
  [1m[36mAppointment Load (1.0ms)[0m  [1m[34mSELECT "appointments".* FROM "appointments"[0m
  ↳ app/controllers/appointments_controller.rb:8
Completed 200 OK in 3ms (Views: 2.1ms | ActiveRecord: 1.0ms)


Started GET "/appointments/?title=Ardos" for 127.0.0.1 at 2018-06-27 17:07:54 +0300
Processing by AppointmentsController#index as */*
  Parameters: {"title"=>"Ardos", "appointment"=>{}}
  [1m[36mAppointment Load (0.0ms)[0m  [1m[34mSELECT "appointments".* FROM "appointments"[0m
  ↳ app/controllers/appointments_controller.rb:8
Completed 200 OK in 3ms (Views: 3.1ms | ActiveRecord: 0.0ms)


Started GET "/appointments/?%22title%22=%22Ardos%22" for 127.0.0.1 at 2018-06-27 17:08:31 +0300
Processing by AppointmentsController#index as */*
  Parameters: {"\"title\""=>"\"Ardos\"", "appointment"=>{}}
  [1m[36mAppointment Load (0.0ms)[0m  [1m[34mSELECT "appointments".* FROM "appointments"[0m
  ↳ app/controllers/appointments_controller.rb:8
Completed 200 OK in 3ms (Views: 2.7ms | ActiveRecord: 0.0ms)


Started GET "/appointments" for 127.0.0.1 at 2018-06-27 17:08:38 +0300
Processing by AppointmentsController#index as */*
  Parameters: {"appointment"=>{}}
  [1m[36mAppointment Load (1.0ms)[0m  [1m[34mSELECT "appointments".* FROM "appointments"[0m
  ↳ app/controllers/appointments_controller.rb:8
Completed 200 OK in 3ms (Views: 1.8ms | ActiveRecord: 1.0ms)


Started GET "/appointments/" for 127.0.0.1 at 2018-06-27 17:09:44 +0300
  [1m[35m (0.0ms)[0m  [1m[34mSELECT "schema_migrations"."version" FROM "schema_migrations" ORDER BY "schema_migrations"."version" ASC[0m
  ↳ C:/RailsInstaller/Ruby2.3.0/lib/ruby/gems/2.3.0/gems/activerecord-5.2.0/lib/active_record/log_subscriber.rb:98
Processing by AppointmentsController#index as */*
  Parameters: {"appointment"=>{}}
  [1m[36mAppointment Load (1.0ms)[0m  [1m[34mSELECT "appointments".* FROM "appointments"[0m
  ↳ app/controllers/appointments_controller.rb:8
Completed 200 OK in 12ms (Views: 10.7ms | ActiveRecord: 2.0ms)


Started GET "/appointments/?id=1" for 127.0.0.1 at 2018-06-27 17:09:51 +0300
Processing by AppointmentsController#index as */*
  Parameters: {"id"=>"1", "appointment"=>{}}
  [1m[36mAppointment Load (0.0ms)[0m  [1m[34mSELECT "appointments".* FROM "appointments"[0m
  ↳ app/controllers/appointments_controller.rb:8
Completed 200 OK in 6ms (Views: 5.7ms | ActiveRecord: 0.0ms)


Started GET "/appointments/" for 127.0.0.1 at 2018-06-27 17:11:48 +0300
Started GET "/appointments" for 127.0.0.1 at 2018-06-27 17:11:48 +0300
Processing by AppointmentsController#index as */*
Processing by AppointmentsController#index as */*
  Parameters: {"appointment"=>{}}
  Parameters: {"appointment"=>{}}
  [1m[36mAppointment Load (1.0ms)[0m  [1m[34mSELECT "appointments".* FROM "appointments"[0m
  [1m[36mAppointment Load (0.0ms)[0m  [1m[34mSELECT "appointments".* FROM "appointments"[0m
  ↳ app/controllers/appointments_controller.rb:8
  ↳ app/controllers/appointments_controller.rb:8
Completed 200 OK in 6ms (Views: 4.6ms | ActiveRecord: 1.0ms)


Completed 200 OK in 5ms (Views: 4.7ms | ActiveRecord: 0.0ms)


Started GET "/appointments/id=1" for 127.0.0.1 at 2018-06-27 17:12:07 +0300
Processing by AppointmentsController#show as */*
  Parameters: {"id"=>"id=1", "appointment"=>{}}
  [1m[36mAppointment Load (0.0ms)[0m  [1m[34mSELECT  "appointments".* FROM "appointments" WHERE "appointments"."id" = ? LIMIT ?[0m  [["id", 0], ["LIMIT", 1]]
  ↳ app/controllers/appointments_controller.rb:44
Completed 404 Not Found in 175ms (ActiveRecord: 0.0ms)


  
ActiveRecord::RecordNotFound (Couldn't find Appointment with 'id'=id=1):
  
app/controllers/appointments_controller.rb:44:in `set_appointment'
Started GET "/appointments/?id=1" for 127.0.0.1 at 2018-06-27 17:12:13 +0300
Processing by AppointmentsController#index as */*
  Parameters: {"id"=>"1", "appointment"=>{}}
  [1m[36mAppointment Load (0.0ms)[0m  [1m[34mSELECT "appointments".* FROM "appointments"[0m
  ↳ app/controllers/appointments_controller.rb:8
Completed 200 OK in 7ms (Views: 6.4ms | ActiveRecord: 0.0ms)


Started GET "/appointments/1" for 127.0.0.1 at 2018-06-27 17:24:20 +0300
Processing by AppointmentsController#show as */*
  Parameters: {"id"=>"1", "appointment"=>{}}
  [1m[36mAppointment Load (0.0ms)[0m  [1m[34mSELECT  "appointments".* FROM "appointments" WHERE "appointments"."id" = ? LIMIT ?[0m  [["id", 1], ["LIMIT", 1]]
  ↳ app/controllers/appointments_controller.rb:44
Completed 200 OK in 4ms (Views: 0.6ms | ActiveRecord: 0.0ms)


Started GET "/appointments/2" for 127.0.0.1 at 2018-06-27 17:24:26 +0300
Processing by AppointmentsController#show as */*
  Parameters: {"id"=>"2", "appointment"=>{}}
  [1m[36mAppointment Load (0.0ms)[0m  [1m[34mSELECT  "appointments".* FROM "appointments" WHERE "appointments"."id" = ? LIMIT ?[0m  [["id", 2], ["LIMIT", 1]]
  ↳ app/controllers/appointments_controller.rb:44
Completed 200 OK in 2ms (Views: 0.5ms | ActiveRecord: 0.0ms)


Started GET "/appointments/Ensar" for 127.0.0.1 at 2018-06-27 17:24:33 +0300
Processing by AppointmentsController#show as */*
  Parameters: {"id"=>"Ensar", "appointment"=>{}}
  [1m[36mAppointment Load (1.0ms)[0m  [1m[34mSELECT  "appointments".* FROM "appointments" WHERE "appointments"."id" = ? LIMIT ?[0m  [["id", 0], ["LIMIT", 1]]
  ↳ app/controllers/appointments_controller.rb:44
Completed 404 Not Found in 3ms (ActiveRecord: 1.0ms)


  
ActiveRecord::RecordNotFound (Couldn't find Appointment with 'id'=Ensar):
  
app/controllers/appointments_controller.rb:44:in `set_appointment'
Started GET "/appointments/" for 127.0.0.1 at 2018-06-27 17:25:39 +0300
Processing by AppointmentsController#index as */*
  Parameters: {"appointment"=>{}}
  [1m[36mAppointment Load (0.0ms)[0m  [1m[34mSELECT "appointments".* FROM "appointments"[0m
  ↳ app/controllers/appointments_controller.rb:8
Completed 200 OK in 3ms (Views: 3.0ms | ActiveRecord: 0.0ms)


Started POST "/appointments/" for 127.0.0.1 at 2018-06-27 17:25:50 +0300
Processing by AppointmentsController#create as */*
  Parameters: {"title"=>"Ensar", "description"=>"Dogum gunu", "event_date"=>"03/10/1995", "appointment"=>{"title"=>"Ensar", "description"=>"Dogum gunu", "event_date"=>"03/10/1995"}}
  [1m[35m (0.0ms)[0m  [1m[36mbegin transaction[0m
  ↳ app/controllers/appointments_controller.rb:20
  [1m[36mAppointment Create (3.0ms)[0m  [1m[32mINSERT INTO "appointments" ("title", "description", "event_date", "created_at", "updated_at") VALUES (?, ?, ?, ?, ?)[0m  [["title", "Ensar"], ["description", "Dogum gunu"], ["event_date", "1995-10-03"], ["created_at", "2018-06-27 14:25:50.703241"], ["updated_at", "2018-06-27 14:25:50.703241"]]
  ↳ app/controllers/appointments_controller.rb:20
  [1m[35m (16.0ms)[0m  [1m[36mcommit transaction[0m
  ↳ app/controllers/appointments_controller.rb:20
Completed 201 Created in 34ms (Views: 1.8ms | ActiveRecord: 19.0ms)


Started GET "/appointments/" for 127.0.0.1 at 2018-06-27 17:27:19 +0300
Processing by AppointmentsController#index as */*
  Parameters: {"appointment"=>{}}
  [1m[36mAppointment Load (0.0ms)[0m  [1m[34mSELECT "appointments".* FROM "appointments"[0m
  ↳ app/controllers/appointments_controller.rb:8
Completed 200 OK in 5ms (Views: 4.2ms | ActiveRecord: 0.0ms)


Started GET "/appointments/?id=1" for 127.0.0.1 at 2018-06-27 17:39:30 +0300
  [1m[35m (0.0ms)[0m  [1m[34mSELECT "schema_migrations"."version" FROM "schema_migrations" ORDER BY "schema_migrations"."version" ASC[0m
  ↳ C:/RailsInstaller/Ruby2.3.0/lib/ruby/gems/2.3.0/gems/activerecord-5.2.0/lib/active_record/log_subscriber.rb:98
Processing by AppointmentsController#index as */*
  Parameters: {"id"=>"1", "appointment"=>{}}
  [1m[36mAppointment Load (0.0ms)[0m  [1m[34mSELECT "appointments".* FROM "appointments"[0m
  ↳ app/controllers/appointments_controller.rb:8
Completed 200 OK in 23ms (Views: 21.5ms | ActiveRecord: 2.0ms)


Started GET "/appointments/1" for 127.0.0.1 at 2018-06-27 17:39:39 +0300
Processing by AppointmentsController#show as */*
  Parameters: {"id"=>"1", "appointment"=>{}}
  [1m[36mAppointment Load (0.0ms)[0m  [1m[34mSELECT  "appointments".* FROM "appointments" WHERE "appointments"."id" = ? LIMIT ?[0m  [["id", 1], ["LIMIT", 1]]
  ↳ app/controllers/appointments_controller.rb:44
  [1m[36mCACHE Appointment Load (0.0ms)[0m  [1m[34mSELECT  "appointments".* FROM "appointments" WHERE "appointments"."id" = ? LIMIT ?[0m  [["id", 1], ["LIMIT", 1]]
  ↳ app/controllers/appointments_controller.rb:13
Completed 204 No Content in 24ms (ActiveRecord: 0.0ms)


Started GET "/appointments/1" for 127.0.0.1 at 2018-06-27 17:40:00 +0300
Processing by AppointmentsController#show as */*
  Parameters: {"id"=>"1", "appointment"=>{}}
  [1m[36mAppointment Load (0.0ms)[0m  [1m[34mSELECT  "appointments".* FROM "appointments" WHERE "appointments"."id" = ? LIMIT ?[0m  [["id", 1], ["LIMIT", 1]]
  ↳ app/controllers/appointments_controller.rb:44
Completed 200 OK in 12ms (Views: 1.1ms | ActiveRecord: 1.0ms)


Started GET "/appointments/Ensar" for 127.0.0.1 at 2018-06-27 17:40:21 +0300
Processing by AppointmentsController#show as */*
  Parameters: {"id"=>"Ensar", "appointment"=>{}}
  [1m[36mAppointment Load (0.0ms)[0m  [1m[34mSELECT  "appointments".* FROM "appointments" WHERE "appointments"."id" = ? LIMIT ?[0m  [["id", 0], ["LIMIT", 1]]
  ↳ app/controllers/appointments_controller.rb:44
Completed 404 Not Found in 6ms (ActiveRecord: 0.0ms)


  
ActiveRecord::RecordNotFound (Couldn't find Appointment with 'id'=Ensar):
  
app/controllers/appointments_controller.rb:44:in `set_appointment'
Started GET "/" for 127.0.0.1 at 2018-07-01 13:40:34 +0300
  
PG::ConnectionBad (fe_sendauth: no password supplied
):
  
pg-1.0.0-x86 (mingw32) lib/pg.rb:56:in `initialize'
pg-1.0.0-x86 (mingw32) lib/pg.rb:56:in `new'
pg-1.0.0-x86 (mingw32) lib/pg.rb:56:in `connect'
activerecord (5.2.0) lib/active_record/connection_adapters/postgresql_adapter.rb:684:in `connect'
activerecord (5.2.0) lib/active_record/connection_adapters/postgresql_adapter.rb:215:in `initialize'
activerecord (5.2.0) lib/active_record/connection_adapters/postgresql_adapter.rb:40:in `new'
activerecord (5.2.0) lib/active_record/connection_adapters/postgresql_adapter.rb:40:in `postgresql_connection'
activerecord (5.2.0) lib/active_record/connection_adapters/abstract/connection_pool.rb:809:in `new_connection'
activerecord (5.2.0) lib/active_record/connection_adapters/abstract/connection_pool.rb:853:in `checkout_new_connection'
activerecord (5.2.0) lib/active_record/connection_adapters/abstract/connection_pool.rb:832:in `try_to_checkout_new_connection'
activerecord (5.2.0) lib/active_record/connection_adapters/abstract/connection_pool.rb:793:in `acquire_connection'
activerecord (5.2.0) lib/active_record/connection_adapters/abstract/connection_pool.rb:521:in `checkout'
activerecord (5.2.0) lib/active_record/connection_adapters/abstract/connection_pool.rb:380:in `connection'
activerecord (5.2.0) lib/active_record/connection_adapters/abstract/connection_pool.rb:1008:in `retrieve_connection'
activerecord (5.2.0) lib/active_record/connection_handling.rb:118:in `retrieve_connection'
activerecord (5.2.0) lib/active_record/connection_handling.rb:90:in `connection'
activerecord (5.2.0) lib/active_record/migration.rb:554:in `call'
actionpack (5.2.0) lib/action_dispatch/middleware/callbacks.rb:28:in `block in call'
activesupport (5.2.0) lib/active_support/callbacks.rb:98:in `run_callbacks'
actionpack (5.2.0) lib/action_dispatch/middleware/callbacks.rb:26:in `call'
actionpack (5.2.0) lib/action_dispatch/middleware/executor.rb:14:in `call'
actionpack (5.2.0) lib/action_dispatch/middleware/debug_exceptions.rb:61:in `call'
actionpack (5.2.0) lib/action_dispatch/middleware/show_exceptions.rb:33:in `call'
railties (5.2.0) lib/rails/rack/logger.rb:38:in `call_app'
railties (5.2.0) lib/rails/rack/logger.rb:26:in `block in call'
activesupport (5.2.0) lib/active_support/tagged_logging.rb:71:in `block in tagged'
activesupport (5.2.0) lib/active_support/tagged_logging.rb:28:in `tagged'
activesupport (5.2.0) lib/active_support/tagged_logging.rb:71:in `tagged'
railties (5.2.0) lib/rails/rack/logger.rb:26:in `call'
actionpack (5.2.0) lib/action_dispatch/middleware/remote_ip.rb:81:in `call'
actionpack (5.2.0) lib/action_dispatch/middleware/request_id.rb:27:in `call'
rack (2.0.5) lib/rack/runtime.rb:22:in `call'
activesupport (5.2.0) lib/active_support/cache/strategy/local_cache_middleware.rb:29:in `call'
actionpack (5.2.0) lib/action_dispatch/middleware/executor.rb:14:in `call'
actionpack (5.2.0) lib/action_dispatch/middleware/static.rb:127:in `call'
rack (2.0.5) lib/rack/sendfile.rb:111:in `call'
railties (5.2.0) lib/rails/engine.rb:524:in `call'
puma (3.11.4) lib/puma/configuration.rb:225:in `call'
puma (3.11.4) lib/puma/server.rb:632:in `handle_request'
puma (3.11.4) lib/puma/server.rb:446:in `process_client'
puma (3.11.4) lib/puma/server.rb:306:in `block in run'
puma (3.11.4) lib/puma/thread_pool.rb:120:in `block in spawn_thread'
Started GET "/favicon.ico" for 127.0.0.1 at 2018-07-01 13:40:37 +0300
  
PG::ConnectionBad (fe_sendauth: no password supplied
):
  
pg-1.0.0-x86 (mingw32) lib/pg.rb:56:in `initialize'
pg-1.0.0-x86 (mingw32) lib/pg.rb:56:in `new'
pg-1.0.0-x86 (mingw32) lib/pg.rb:56:in `connect'
activerecord (5.2.0) lib/active_record/connection_adapters/postgresql_adapter.rb:684:in `connect'
activerecord (5.2.0) lib/active_record/connection_adapters/postgresql_adapter.rb:215:in `initialize'
activerecord (5.2.0) lib/active_record/connection_adapters/postgresql_adapter.rb:40:in `new'
activerecord (5.2.0) lib/active_record/connection_adapters/postgresql_adapter.rb:40:in `postgresql_connection'
activerecord (5.2.0) lib/active_record/connection_adapters/abstract/connection_pool.rb:809:in `new_connection'
activerecord (5.2.0) lib/active_record/connection_adapters/abstract/connection_pool.rb:853:in `checkout_new_connection'
activerecord (5.2.0) lib/active_record/connection_adapters/abstract/connection_pool.rb:832:in `try_to_checkout_new_connection'
activerecord (5.2.0) lib/active_record/connection_adapters/abstract/connection_pool.rb:793:in `acquire_connection'
activerecord (5.2.0) lib/active_record/connection_adapters/abstract/connection_pool.rb:521:in `checkout'
activerecord (5.2.0) lib/active_record/connection_adapters/abstract/connection_pool.rb:380:in `connection'
activerecord (5.2.0) lib/active_record/connection_adapters/abstract/connection_pool.rb:1008:in `retrieve_connection'
activerecord (5.2.0) lib/active_record/connection_handling.rb:118:in `retrieve_connection'
activerecord (5.2.0) lib/active_record/connection_handling.rb:90:in `connection'
activerecord (5.2.0) lib/active_record/migration.rb:554:in `call'
actionpack (5.2.0) lib/action_dispatch/middleware/callbacks.rb:28:in `block in call'
activesupport (5.2.0) lib/active_support/callbacks.rb:98:in `run_callbacks'
actionpack (5.2.0) lib/action_dispatch/middleware/callbacks.rb:26:in `call'
actionpack (5.2.0) lib/action_dispatch/middleware/executor.rb:14:in `call'
actionpack (5.2.0) lib/action_dispatch/middleware/debug_exceptions.rb:61:in `call'
actionpack (5.2.0) lib/action_dispatch/middleware/show_exceptions.rb:33:in `call'
railties (5.2.0) lib/rails/rack/logger.rb:38:in `call_app'
railties (5.2.0) lib/rails/rack/logger.rb:26:in `block in call'
activesupport (5.2.0) lib/active_support/tagged_logging.rb:71:in `block in tagged'
activesupport (5.2.0) lib/active_support/tagged_logging.rb:28:in `tagged'
activesupport (5.2.0) lib/active_support/tagged_logging.rb:71:in `tagged'
railties (5.2.0) lib/rails/rack/logger.rb:26:in `call'
actionpack (5.2.0) lib/action_dispatch/middleware/remote_ip.rb:81:in `call'
actionpack (5.2.0) lib/action_dispatch/middleware/request_id.rb:27:in `call'
rack (2.0.5) lib/rack/runtime.rb:22:in `call'
activesupport (5.2.0) lib/active_support/cache/strategy/local_cache_middleware.rb:29:in `call'
actionpack (5.2.0) lib/action_dispatch/middleware/executor.rb:14:in `call'
actionpack (5.2.0) lib/action_dispatch/middleware/static.rb:127:in `call'
rack (2.0.5) lib/rack/sendfile.rb:111:in `call'
railties (5.2.0) lib/rails/engine.rb:524:in `call'
puma (3.11.4) lib/puma/configuration.rb:225:in `call'
puma (3.11.4) lib/puma/server.rb:632:in `handle_request'
puma (3.11.4) lib/puma/server.rb:446:in `process_client'
puma (3.11.4) lib/puma/server.rb:306:in `block in run'
puma (3.11.4) lib/puma/thread_pool.rb:120:in `block in spawn_thread'
Started GET "/" for 127.0.0.1 at 2018-07-01 13:45:36 +0300
  
Gem::LoadError (Error loading the 'sqlite3' Active Record adapter. Missing a gem it depends on? sqlite3 is not part of the bundle. Add it to your Gemfile.):
  
C:/RailsInstaller/Ruby2.3.0/lib/ruby/site_ruby/2.3.0/bundler/rubygems_integration.rb:408:in `block (2 levels) in replace_gem'
activerecord (5.2.0) lib/active_record/connection_adapters/sqlite3_adapter.rb:12:in `<top (required)>'
bootsnap (1.3.0) lib/bootsnap/load_path_cache/core_ext/kernel_require.rb:21:in `require'
bootsnap (1.3.0) lib/bootsnap/load_path_cache/core_ext/kernel_require.rb:21:in `block in require_with_bootsnap_lfi'
bootsnap (1.3.0) lib/bootsnap/load_path_cache/loaded_features_index.rb:65:in `register'
bootsnap (1.3.0) lib/bootsnap/load_path_cache/core_ext/kernel_require.rb:20:in `require_with_bootsnap_lfi'
bootsnap (1.3.0) lib/bootsnap/load_path_cache/core_ext/kernel_require.rb:29:in `require'
activesupport (5.2.0) lib/active_support/dependencies.rb:283:in `block in require'
activesupport (5.2.0) lib/active_support/dependencies.rb:249:in `load_dependency'
activesupport (5.2.0) lib/active_support/dependencies.rb:283:in `require'
activerecord (5.2.0) lib/active_record/connection_adapters/connection_specification.rb:191:in `spec'
activerecord (5.2.0) lib/active_record/connection_adapters/abstract/connection_pool.rb:950:in `establish_connection'
activerecord (5.2.0) lib/active_record/connection_handling.rb:60:in `establish_connection'
activerecord (5.2.0) lib/active_record/railtie.rb:136:in `block (2 levels) in <class:Railtie>'
activesupport (5.2.0) lib/active_support/lazy_load_hooks.rb:71:in `instance_eval'
activesupport (5.2.0) lib/active_support/lazy_load_hooks.rb:71:in `block in execute_hook'
activesupport (5.2.0) lib/active_support/lazy_load_hooks.rb:62:in `with_execution_control'
activesupport (5.2.0) lib/active_support/lazy_load_hooks.rb:67:in `execute_hook'
activesupport (5.2.0) lib/active_support/lazy_load_hooks.rb:52:in `block in run_load_hooks'
activesupport (5.2.0) lib/active_support/lazy_load_hooks.rb:51:in `each'
activesupport (5.2.0) lib/active_support/lazy_load_hooks.rb:51:in `run_load_hooks'
activerecord (5.2.0) lib/active_record/base.rb:328:in `<module:ActiveRecord>'
activerecord (5.2.0) lib/active_record/base.rb:27:in `<top (required)>'
bootsnap (1.3.0) lib/bootsnap/load_path_cache/core_ext/kernel_require.rb:21:in `require'
bootsnap (1.3.0) lib/bootsnap/load_path_cache/core_ext/kernel_require.rb:21:in `block in require_with_bootsnap_lfi'
bootsnap (1.3.0) lib/bootsnap/load_path_cache/loaded_features_index.rb:65:in `register'
bootsnap (1.3.0) lib/bootsnap/load_path_cache/core_ext/kernel_require.rb:20:in `require_with_bootsnap_lfi'
bootsnap (1.3.0) lib/bootsnap/load_path_cache/core_ext/kernel_require.rb:29:in `require'
activesupport (5.2.0) lib/active_support/dependencies.rb:283:in `block in require'
activesupport (5.2.0) lib/active_support/dependencies.rb:249:in `load_dependency'
activesupport (5.2.0) lib/active_support/dependencies.rb:283:in `require'
activerecord (5.2.0) lib/active_record/migration.rb:554:in `call'
actionpack (5.2.0) lib/action_dispatch/middleware/callbacks.rb:28:in `block in call'
activesupport (5.2.0) lib/active_support/callbacks.rb:98:in `run_callbacks'
actionpack (5.2.0) lib/action_dispatch/middleware/callbacks.rb:26:in `call'
actionpack (5.2.0) lib/action_dispatch/middleware/executor.rb:14:in `call'
actionpack (5.2.0) lib/action_dispatch/middleware/debug_exceptions.rb:61:in `call'
actionpack (5.2.0) lib/action_dispatch/middleware/show_exceptions.rb:33:in `call'
railties (5.2.0) lib/rails/rack/logger.rb:38:in `call_app'
railties (5.2.0) lib/rails/rack/logger.rb:26:in `block in call'
activesupport (5.2.0) lib/active_support/tagged_logging.rb:71:in `block in tagged'
activesupport (5.2.0) lib/active_support/tagged_logging.rb:28:in `tagged'
activesupport (5.2.0) lib/active_support/tagged_logging.rb:71:in `tagged'
railties (5.2.0) lib/rails/rack/logger.rb:26:in `call'
actionpack (5.2.0) lib/action_dispatch/middleware/remote_ip.rb:81:in `call'
actionpack (5.2.0) lib/action_dispatch/middleware/request_id.rb:27:in `call'
rack (2.0.5) lib/rack/runtime.rb:22:in `call'
activesupport (5.2.0) lib/active_support/cache/strategy/local_cache_middleware.rb:29:in `call'
actionpack (5.2.0) lib/action_dispatch/middleware/executor.rb:14:in `call'
actionpack (5.2.0) lib/action_dispatch/middleware/static.rb:127:in `call'
rack (2.0.5) lib/rack/sendfile.rb:111:in `call'
railties (5.2.0) lib/rails/engine.rb:524:in `call'
puma (3.11.4) lib/puma/configuration.rb:225:in `call'
puma (3.11.4) lib/puma/server.rb:632:in `handle_request'
puma (3.11.4) lib/puma/server.rb:446:in `process_client'
puma (3.11.4) lib/puma/server.rb:306:in `block in run'
puma (3.11.4) lib/puma/thread_pool.rb:120:in `block in spawn_thread'
Started GET "/favicon.ico" for 127.0.0.1 at 2018-07-01 13:45:37 +0300
  
ActiveRecord::ConnectionNotEstablished (No connection pool with 'primary' found.):
  
activerecord (5.2.0) lib/active_record/connection_adapters/abstract/connection_pool.rb:1007:in `retrieve_connection'
activerecord (5.2.0) lib/active_record/connection_handling.rb:118:in `retrieve_connection'
activerecord (5.2.0) lib/active_record/connection_handling.rb:90:in `connection'
activerecord (5.2.0) lib/active_record/migration.rb:554:in `call'
actionpack (5.2.0) lib/action_dispatch/middleware/callbacks.rb:28:in `block in call'
activesupport (5.2.0) lib/active_support/callbacks.rb:98:in `run_callbacks'
actionpack (5.2.0) lib/action_dispatch/middleware/callbacks.rb:26:in `call'
actionpack (5.2.0) lib/action_dispatch/middleware/executor.rb:14:in `call'
actionpack (5.2.0) lib/action_dispatch/middleware/debug_exceptions.rb:61:in `call'
actionpack (5.2.0) lib/action_dispatch/middleware/show_exceptions.rb:33:in `call'
railties (5.2.0) lib/rails/rack/logger.rb:38:in `call_app'
railties (5.2.0) lib/rails/rack/logger.rb:26:in `block in call'
activesupport (5.2.0) lib/active_support/tagged_logging.rb:71:in `block in tagged'
activesupport (5.2.0) lib/active_support/tagged_logging.rb:28:in `tagged'
activesupport (5.2.0) lib/active_support/tagged_logging.rb:71:in `tagged'
railties (5.2.0) lib/rails/rack/logger.rb:26:in `call'
actionpack (5.2.0) lib/action_dispatch/middleware/remote_ip.rb:81:in `call'
actionpack (5.2.0) lib/action_dispatch/middleware/request_id.rb:27:in `call'
rack (2.0.5) lib/rack/runtime.rb:22:in `call'
activesupport (5.2.0) lib/active_support/cache/strategy/local_cache_middleware.rb:29:in `call'
actionpack (5.2.0) lib/action_dispatch/middleware/executor.rb:14:in `call'
actionpack (5.2.0) lib/action_dispatch/middleware/static.rb:127:in `call'
rack (2.0.5) lib/rack/sendfile.rb:111:in `call'
railties (5.2.0) lib/rails/engine.rb:524:in `call'
puma (3.11.4) lib/puma/configuration.rb:225:in `call'
puma (3.11.4) lib/puma/server.rb:632:in `handle_request'
puma (3.11.4) lib/puma/server.rb:446:in `process_client'
puma (3.11.4) lib/puma/server.rb:306:in `block in run'
puma (3.11.4) lib/puma/thread_pool.rb:120:in `block in spawn_thread'
Started GET "/" for 127.0.0.1 at 2018-07-01 13:47:09 +0300
  
Gem::LoadError (Error loading the 'sqlite3' Active Record adapter. Missing a gem it depends on? sqlite3 is not part of the bundle. Add it to your Gemfile.):
  
C:/RailsInstaller/Ruby2.3.0/lib/ruby/site_ruby/2.3.0/bundler/rubygems_integration.rb:408:in `block (2 levels) in replace_gem'
activerecord (5.2.0) lib/active_record/connection_adapters/sqlite3_adapter.rb:12:in `<top (required)>'
bootsnap (1.3.0) lib/bootsnap/load_path_cache/core_ext/kernel_require.rb:21:in `require'
bootsnap (1.3.0) lib/bootsnap/load_path_cache/core_ext/kernel_require.rb:21:in `block in require_with_bootsnap_lfi'
bootsnap (1.3.0) lib/bootsnap/load_path_cache/loaded_features_index.rb:65:in `register'
bootsnap (1.3.0) lib/bootsnap/load_path_cache/core_ext/kernel_require.rb:20:in `require_with_bootsnap_lfi'
bootsnap (1.3.0) lib/bootsnap/load_path_cache/core_ext/kernel_require.rb:29:in `require'
activesupport (5.2.0) lib/active_support/dependencies.rb:283:in `block in require'
activesupport (5.2.0) lib/active_support/dependencies.rb:249:in `load_dependency'
activesupport (5.2.0) lib/active_support/dependencies.rb:283:in `require'
activerecord (5.2.0) lib/active_record/connection_adapters/connection_specification.rb:191:in `spec'
activerecord (5.2.0) lib/active_record/connection_adapters/abstract/connection_pool.rb:950:in `establish_connection'
activerecord (5.2.0) lib/active_record/connection_handling.rb:60:in `establish_connection'
activerecord (5.2.0) lib/active_record/railtie.rb:136:in `block (2 levels) in <class:Railtie>'
activesupport (5.2.0) lib/active_support/lazy_load_hooks.rb:71:in `instance_eval'
activesupport (5.2.0) lib/active_support/lazy_load_hooks.rb:71:in `block in execute_hook'
activesupport (5.2.0) lib/active_support/lazy_load_hooks.rb:62:in `with_execution_control'
activesupport (5.2.0) lib/active_support/lazy_load_hooks.rb:67:in `execute_hook'
activesupport (5.2.0) lib/active_support/lazy_load_hooks.rb:52:in `block in run_load_hooks'
activesupport (5.2.0) lib/active_support/lazy_load_hooks.rb:51:in `each'
activesupport (5.2.0) lib/active_support/lazy_load_hooks.rb:51:in `run_load_hooks'
activerecord (5.2.0) lib/active_record/base.rb:328:in `<module:ActiveRecord>'
activerecord (5.2.0) lib/active_record/base.rb:27:in `<top (required)>'
bootsnap (1.3.0) lib/bootsnap/load_path_cache/core_ext/kernel_require.rb:21:in `require'
bootsnap (1.3.0) lib/bootsnap/load_path_cache/core_ext/kernel_require.rb:21:in `block in require_with_bootsnap_lfi'
bootsnap (1.3.0) lib/bootsnap/load_path_cache/loaded_features_index.rb:65:in `register'
bootsnap (1.3.0) lib/bootsnap/load_path_cache/core_ext/kernel_require.rb:20:in `require_with_bootsnap_lfi'
bootsnap (1.3.0) lib/bootsnap/load_path_cache/core_ext/kernel_require.rb:29:in `require'
activesupport (5.2.0) lib/active_support/dependencies.rb:283:in `block in require'
activesupport (5.2.0) lib/active_support/dependencies.rb:249:in `load_dependency'
activesupport (5.2.0) lib/active_support/dependencies.rb:283:in `require'
activerecord (5.2.0) lib/active_record/migration.rb:554:in `call'
actionpack (5.2.0) lib/action_dispatch/middleware/callbacks.rb:28:in `block in call'
activesupport (5.2.0) lib/active_support/callbacks.rb:98:in `run_callbacks'
actionpack (5.2.0) lib/action_dispatch/middleware/callbacks.rb:26:in `call'
actionpack (5.2.0) lib/action_dispatch/middleware/executor.rb:14:in `call'
actionpack (5.2.0) lib/action_dispatch/middleware/debug_exceptions.rb:61:in `call'
actionpack (5.2.0) lib/action_dispatch/middleware/show_exceptions.rb:33:in `call'
railties (5.2.0) lib/rails/rack/logger.rb:38:in `call_app'
railties (5.2.0) lib/rails/rack/logger.rb:26:in `block in call'
activesupport (5.2.0) lib/active_support/tagged_logging.rb:71:in `block in tagged'
activesupport (5.2.0) lib/active_support/tagged_logging.rb:28:in `tagged'
activesupport (5.2.0) lib/active_support/tagged_logging.rb:71:in `tagged'
railties (5.2.0) lib/rails/rack/logger.rb:26:in `call'
actionpack (5.2.0) lib/action_dispatch/middleware/remote_ip.rb:81:in `call'
actionpack (5.2.0) lib/action_dispatch/middleware/request_id.rb:27:in `call'
rack (2.0.5) lib/rack/runtime.rb:22:in `call'
activesupport (5.2.0) lib/active_support/cache/strategy/local_cache_middleware.rb:29:in `call'
actionpack (5.2.0) lib/action_dispatch/middleware/executor.rb:14:in `call'
actionpack (5.2.0) lib/action_dispatch/middleware/static.rb:127:in `call'
rack (2.0.5) lib/rack/sendfile.rb:111:in `call'
railties (5.2.0) lib/rails/engine.rb:524:in `call'
puma (3.11.4) lib/puma/configuration.rb:225:in `call'
puma (3.11.4) lib/puma/server.rb:632:in `handle_request'
puma (3.11.4) lib/puma/server.rb:446:in `process_client'
puma (3.11.4) lib/puma/server.rb:306:in `block in run'
puma (3.11.4) lib/puma/thread_pool.rb:120:in `block in spawn_thread'
Started GET "/favicon.ico" for 127.0.0.1 at 2018-07-01 13:47:11 +0300
  
ActiveRecord::ConnectionNotEstablished (No connection pool with 'primary' found.):
  
activerecord (5.2.0) lib/active_record/connection_adapters/abstract/connection_pool.rb:1007:in `retrieve_connection'
activerecord (5.2.0) lib/active_record/connection_handling.rb:118:in `retrieve_connection'
activerecord (5.2.0) lib/active_record/connection_handling.rb:90:in `connection'
activerecord (5.2.0) lib/active_record/migration.rb:554:in `call'
actionpack (5.2.0) lib/action_dispatch/middleware/callbacks.rb:28:in `block in call'
activesupport (5.2.0) lib/active_support/callbacks.rb:98:in `run_callbacks'
actionpack (5.2.0) lib/action_dispatch/middleware/callbacks.rb:26:in `call'
actionpack (5.2.0) lib/action_dispatch/middleware/executor.rb:14:in `call'
actionpack (5.2.0) lib/action_dispatch/middleware/debug_exceptions.rb:61:in `call'
actionpack (5.2.0) lib/action_dispatch/middleware/show_exceptions.rb:33:in `call'
railties (5.2.0) lib/rails/rack/logger.rb:38:in `call_app'
railties (5.2.0) lib/rails/rack/logger.rb:26:in `block in call'
activesupport (5.2.0) lib/active_support/tagged_logging.rb:71:in `block in tagged'
activesupport (5.2.0) lib/active_support/tagged_logging.rb:28:in `tagged'
activesupport (5.2.0) lib/active_support/tagged_logging.rb:71:in `tagged'
railties (5.2.0) lib/rails/rack/logger.rb:26:in `call'
actionpack (5.2.0) lib/action_dispatch/middleware/remote_ip.rb:81:in `call'
actionpack (5.2.0) lib/action_dispatch/middleware/request_id.rb:27:in `call'
rack (2.0.5) lib/rack/runtime.rb:22:in `call'
activesupport (5.2.0) lib/active_support/cache/strategy/local_cache_middleware.rb:29:in `call'
actionpack (5.2.0) lib/action_dispatch/middleware/executor.rb:14:in `call'
actionpack (5.2.0) lib/action_dispatch/middleware/static.rb:127:in `call'
rack (2.0.5) lib/rack/sendfile.rb:111:in `call'
railties (5.2.0) lib/rails/engine.rb:524:in `call'
puma (3.11.4) lib/puma/configuration.rb:225:in `call'
puma (3.11.4) lib/puma/server.rb:632:in `handle_request'
puma (3.11.4) lib/puma/server.rb:446:in `process_client'
puma (3.11.4) lib/puma/server.rb:306:in `block in run'
puma (3.11.4) lib/puma/thread_pool.rb:120:in `block in spawn_thread'
Started GET "/" for 127.0.0.1 at 2018-07-01 15:16:39 +0300
  [1m[35m (0.0ms)[0m  [1m[34mSELECT "schema_migrations"."version" FROM "schema_migrations" ORDER BY "schema_migrations"."version" ASC[0m
  ↳ C:/RailsInstaller/Ruby2.3.0/lib/ruby/gems/2.3.0/gems/activerecord-5.2.0/lib/active_record/log_subscriber.rb:98
Processing by Rails::WelcomeController#index as HTML
  Rendering C:/RailsInstaller/Ruby2.3.0/lib/ruby/gems/2.3.0/gems/railties-5.2.0/lib/rails/templates/rails/welcome/index.html.erb
  Rendered C:/RailsInstaller/Ruby2.3.0/lib/ruby/gems/2.3.0/gems/railties-5.2.0/lib/rails/templates/rails/welcome/index.html.erb (4.0ms)
Completed 200 OK in 58ms (Views: 24.7ms | ActiveRecord: 0.0ms)


Started GET "/favicon.ico" for 127.0.0.1 at 2018-07-01 15:16:39 +0300
  
ActionController::RoutingError (No route matches [GET] "/favicon.ico"):
  
actionpack (5.2.0) lib/action_dispatch/middleware/debug_exceptions.rb:65:in `call'
actionpack (5.2.0) lib/action_dispatch/middleware/show_exceptions.rb:33:in `call'
railties (5.2.0) lib/rails/rack/logger.rb:38:in `call_app'
railties (5.2.0) lib/rails/rack/logger.rb:26:in `block in call'
activesupport (5.2.0) lib/active_support/tagged_logging.rb:71:in `block in tagged'
activesupport (5.2.0) lib/active_support/tagged_logging.rb:28:in `tagged'
activesupport (5.2.0) lib/active_support/tagged_logging.rb:71:in `tagged'
railties (5.2.0) lib/rails/rack/logger.rb:26:in `call'
actionpack (5.2.0) lib/action_dispatch/middleware/remote_ip.rb:81:in `call'
actionpack (5.2.0) lib/action_dispatch/middleware/request_id.rb:27:in `call'
rack (2.0.5) lib/rack/runtime.rb:22:in `call'
activesupport (5.2.0) lib/active_support/cache/strategy/local_cache_middleware.rb:29:in `call'
actionpack (5.2.0) lib/action_dispatch/middleware/executor.rb:14:in `call'
actionpack (5.2.0) lib/action_dispatch/middleware/static.rb:127:in `call'
rack (2.0.5) lib/rack/sendfile.rb:111:in `call'
railties (5.2.0) lib/rails/engine.rb:524:in `call'
puma (3.11.4) lib/puma/configuration.rb:225:in `call'
puma (3.11.4) lib/puma/server.rb:632:in `handle_request'
puma (3.11.4) lib/puma/server.rb:446:in `process_client'
puma (3.11.4) lib/puma/server.rb:306:in `block in run'
puma (3.11.4) lib/puma/thread_pool.rb:120:in `block in spawn_thread'
Started GET "/" for 127.0.0.1 at 2018-07-01 15:31:31 +0300
  [1m[35m (1.0ms)[0m  [1m[34mSELECT "schema_migrations"."version" FROM "schema_migrations" ORDER BY "schema_migrations"."version" ASC[0m
  ↳ C:/RailsInstaller/Ruby2.3.0/lib/ruby/gems/2.3.0/gems/activerecord-5.2.0/lib/active_record/log_subscriber.rb:98
Processing by Rails::WelcomeController#index as HTML
  Rendering C:/RailsInstaller/Ruby2.3.0/lib/ruby/gems/2.3.0/gems/railties-5.2.0/lib/rails/templates/rails/welcome/index.html.erb
  Rendered C:/RailsInstaller/Ruby2.3.0/lib/ruby/gems/2.3.0/gems/railties-5.2.0/lib/rails/templates/rails/welcome/index.html.erb (3.0ms)
Completed 200 OK in 42ms (Views: 24.2ms | ActiveRecord: 0.0ms)


Started GET "/appointments" for 127.0.0.1 at 2018-07-01 15:31:42 +0300
Processing by AppointmentsController#index as HTML
  [1m[36mAppointment Load (0.0ms)[0m  [1m[34mSELECT "appointments".* FROM "appointments"[0m
  ↳ app/controllers/appointments_controller.rb:8
Completed 200 OK in 28ms (Views: 17.0ms | ActiveRecord: 0.0ms)


Started GET "/" for 127.0.0.1 at 2018-07-09 15:36:41 +0300
  [1m[35m (0.0ms)[0m  [1m[34mSELECT "schema_migrations"."version" FROM "schema_migrations" ORDER BY "schema_migrations"."version" ASC[0m
  ↳ C:/RailsInstaller/Ruby2.3.0/lib/ruby/gems/2.3.0/gems/activerecord-5.2.0/lib/active_record/log_subscriber.rb:98
Processing by Rails::WelcomeController#index as HTML
  Rendering C:/RailsInstaller/Ruby2.3.0/lib/ruby/gems/2.3.0/gems/railties-5.2.0/lib/rails/templates/rails/welcome/index.html.erb
  Rendered C:/RailsInstaller/Ruby2.3.0/lib/ruby/gems/2.3.0/gems/railties-5.2.0/lib/rails/templates/rails/welcome/index.html.erb (7.0ms)
Completed 200 OK in 68ms (Views: 38.2ms | ActiveRecord: 0.0ms)


Started GET "/favicon.ico" for 127.0.0.1 at 2018-07-09 15:36:42 +0300
  
ActionController::RoutingError (No route matches [GET] "/favicon.ico"):
  
actionpack (5.2.0) lib/action_dispatch/middleware/debug_exceptions.rb:65:in `call'
actionpack (5.2.0) lib/action_dispatch/middleware/show_exceptions.rb:33:in `call'
railties (5.2.0) lib/rails/rack/logger.rb:38:in `call_app'
railties (5.2.0) lib/rails/rack/logger.rb:26:in `block in call'
activesupport (5.2.0) lib/active_support/tagged_logging.rb:71:in `block in tagged'
activesupport (5.2.0) lib/active_support/tagged_logging.rb:28:in `tagged'
activesupport (5.2.0) lib/active_support/tagged_logging.rb:71:in `tagged'
railties (5.2.0) lib/rails/rack/logger.rb:26:in `call'
actionpack (5.2.0) lib/action_dispatch/middleware/remote_ip.rb:81:in `call'
actionpack (5.2.0) lib/action_dispatch/middleware/request_id.rb:27:in `call'
rack (2.0.5) lib/rack/runtime.rb:22:in `call'
activesupport (5.2.0) lib/active_support/cache/strategy/local_cache_middleware.rb:29:in `call'
actionpack (5.2.0) lib/action_dispatch/middleware/executor.rb:14:in `call'
actionpack (5.2.0) lib/action_dispatch/middleware/static.rb:127:in `call'
rack (2.0.5) lib/rack/sendfile.rb:111:in `call'
rack-cors (1.0.2) lib/rack/cors.rb:97:in `call'
railties (5.2.0) lib/rails/engine.rb:524:in `call'
puma (3.11.4) lib/puma/configuration.rb:225:in `call'
puma (3.11.4) lib/puma/server.rb:632:in `handle_request'
puma (3.11.4) lib/puma/server.rb:446:in `process_client'
puma (3.11.4) lib/puma/server.rb:306:in `block in run'
puma (3.11.4) lib/puma/thread_pool.rb:120:in `block in spawn_thread'
Started POST "/appointments" for 127.0.0.1 at 2018-08-06 17:02:06 +0300
  [1m[35m (0.0ms)[0m  [1m[34mSELECT "schema_migrations"."version" FROM "schema_migrations" ORDER BY "schema_migrations"."version" ASC[0m
  ↳ C:/RailsInstaller/Ruby2.3.0/lib/ruby/gems/2.3.0/gems/activerecord-5.2.0/lib/active_record/log_subscriber.rb:98
  
ActiveRecord::PendingMigrationError (

Migrations are pending. To resolve this issue, run:

        bin/rails db:migrate RAILS_ENV=development

):
  
activerecord (5.2.0) lib/active_record/migration.rb:579:in `check_pending!'
activerecord (5.2.0) lib/active_record/migration.rb:556:in `call'
actionpack (5.2.0) lib/action_dispatch/middleware/callbacks.rb:28:in `block in call'
activesupport (5.2.0) lib/active_support/callbacks.rb:98:in `run_callbacks'
actionpack (5.2.0) lib/action_dispatch/middleware/callbacks.rb:26:in `call'
actionpack (5.2.0) lib/action_dispatch/middleware/executor.rb:14:in `call'
actionpack (5.2.0) lib/action_dispatch/middleware/debug_exceptions.rb:61:in `call'
actionpack (5.2.0) lib/action_dispatch/middleware/show_exceptions.rb:33:in `call'
railties (5.2.0) lib/rails/rack/logger.rb:38:in `call_app'
railties (5.2.0) lib/rails/rack/logger.rb:26:in `block in call'
activesupport (5.2.0) lib/active_support/tagged_logging.rb:71:in `block in tagged'
activesupport (5.2.0) lib/active_support/tagged_logging.rb:28:in `tagged'
activesupport (5.2.0) lib/active_support/tagged_logging.rb:71:in `tagged'
railties (5.2.0) lib/rails/rack/logger.rb:26:in `call'
actionpack (5.2.0) lib/action_dispatch/middleware/remote_ip.rb:81:in `call'
actionpack (5.2.0) lib/action_dispatch/middleware/request_id.rb:27:in `call'
rack (2.0.5) lib/rack/runtime.rb:22:in `call'
activesupport (5.2.0) lib/active_support/cache/strategy/local_cache_middleware.rb:29:in `call'
actionpack (5.2.0) lib/action_dispatch/middleware/executor.rb:14:in `call'
actionpack (5.2.0) lib/action_dispatch/middleware/static.rb:127:in `call'
rack (2.0.5) lib/rack/sendfile.rb:111:in `call'
rack-cors (1.0.2) lib/rack/cors.rb:97:in `call'
railties (5.2.0) lib/rails/engine.rb:524:in `call'
puma (3.11.4) lib/puma/configuration.rb:225:in `call'
puma (3.11.4) lib/puma/server.rb:632:in `handle_request'
puma (3.11.4) lib/puma/server.rb:446:in `process_client'
puma (3.11.4) lib/puma/server.rb:306:in `block in run'
puma (3.11.4) lib/puma/thread_pool.rb:120:in `block in spawn_thread'
  [1m[35m (0.0ms)[0m  [1m[34mSELECT "schema_migrations"."version" FROM "schema_migrations" ORDER BY "schema_migrations"."version" ASC[0m
  ↳ bin/rails:4
Migrating to AddRecurringToAppointments (20180803122621)
  [1m[35m (0.0ms)[0m  [1m[36mbegin transaction[0m
  ↳ bin/rails:4
  [1m[35m (2.0ms)[0m  [1m[35mALTER TABLE "appointments" ADD "recurring" varchar[0m
  ↳ db/migrate/20180803122621_add_recurring_to_appointments.rb:3
  [1m[36mActiveRecord::SchemaMigration Create (0.0ms)[0m  [1m[32mINSERT INTO "schema_migrations" ("version") VALUES (?)[0m  [["version", "20180803122621"]]
  ↳ bin/rails:4
  [1m[35m (9.0ms)[0m  [1m[36mcommit transaction[0m
  ↳ bin/rails:4
Migrating to RemoveEventDateFromAppointments (20180806140721)
  [1m[35m (0.0ms)[0m  [1m[36mbegin transaction[0m
  ↳ bin/rails:4
  [1m[36mActiveRecord::SchemaMigration Create (1.0ms)[0m  [1m[32mINSERT INTO "schema_migrations" ("version") VALUES (?)[0m  [["version", "20180806140721"]]
  ↳ bin/rails:4
  [1m[35m (8.0ms)[0m  [1m[36mcommit transaction[0m
  ↳ bin/rails:4
  [1m[36mActiveRecord::InternalMetadata Load (1.0ms)[0m  [1m[34mSELECT  "ar_internal_metadata".* FROM "ar_internal_metadata" WHERE "ar_internal_metadata"."key" = ? LIMIT ?[0m  [["key", "environment"], ["LIMIT", 1]]
  ↳ bin/rails:4
  [1m[35m (0.0ms)[0m  [1m[36mbegin transaction[0m
  ↳ bin/rails:4
  [1m[35m (0.0ms)[0m  [1m[36mcommit transaction[0m
  ↳ bin/rails:4
  [1m[35m (1.0ms)[0m  [1m[34mSELECT "schema_migrations"."version" FROM "schema_migrations" ORDER BY "schema_migrations"."version" ASC[0m
  ↳ bin/rails:4
Started POST "/appointments" for 127.0.0.1 at 2018-08-06 17:12:08 +0300
  [1m[35m (1.0ms)[0m  [1m[34mSELECT "schema_migrations"."version" FROM "schema_migrations" ORDER BY "schema_migrations"."version" ASC[0m
  ↳ C:/RailsInstaller/Ruby2.3.0/lib/ruby/gems/2.3.0/gems/activerecord-5.2.0/lib/active_record/log_subscriber.rb:98
Processing by AppointmentsController#create as */*
  Parameters: {"title"=>"Deneme 4", "description"=>"denemedeneme", "event_date"=>"2016-11-02 02:31:00", "recurring"=>"All week", "appointment"=>{"title"=>"Deneme 4", "description"=>"denemedeneme", "event_date"=>"2016-11-02 02:31:00", "recurring"=>"All week"}}
  [1m[35m (0.0ms)[0m  [1m[36mbegin transaction[0m
  ↳ app/controllers/appointments_controller.rb:20
  [1m[36mAppointment Create (0.0ms)[0m  [1m[32mINSERT INTO "appointments" ("title", "description", "event_date", "created_at", "updated_at", "recurring") VALUES (?, ?, ?, ?, ?, ?)[0m  [["title", "Deneme 4"], ["description", "denemedeneme"], ["event_date", "2016-11-02"], ["created_at", "2018-08-06 14:12:09.316696"], ["updated_at", "2018-08-06 14:12:09.316696"], ["recurring", "All week"]]
  ↳ app/controllers/appointments_controller.rb:20
  [1m[35m (9.0ms)[0m  [1m[36mcommit transaction[0m
  ↳ app/controllers/appointments_controller.rb:20
Completed 201 Created in 26ms (Views: 1.2ms | ActiveRecord: 11.0ms)


Started GET "/appointments" for 127.0.0.1 at 2018-08-06 17:12:27 +0300
Processing by AppointmentsController#index as */*
  Parameters: {"appointment"=>{}}
  [1m[36mAppointment Load (0.0ms)[0m  [1m[34mSELECT "appointments".* FROM "appointments"[0m
  ↳ app/controllers/appointments_controller.rb:8
Completed 200 OK in 169ms (Views: 169.2ms | ActiveRecord: 0.0ms)


  [1m[35m (0.0ms)[0m  [1m[34mSELECT "schema_migrations"."version" FROM "schema_migrations" ORDER BY "schema_migrations"."version" ASC[0m
  ↳ C:/RailsInstaller/Ruby2.3.0/bin/rake:23
  [1m[35m (1.0ms)[0m  [1m[34mSELECT "schema_migrations"."version" FROM "schema_migrations" ORDER BY "schema_migrations"."version" ASC[0m
  ↳ C:/RailsInstaller/Ruby2.3.0/bin/rake:23
  [1m[35m (0.0ms)[0m  [1m[34mSELECT "schema_migrations"."version" FROM "schema_migrations" ORDER BY "schema_migrations"."version" ASC[0m
  ↳ C:/RailsInstaller/Ruby2.3.0/bin/rake:23
  [1m[35m (1.0ms)[0m  [1m[34mSELECT "schema_migrations"."version" FROM "schema_migrations" ORDER BY "schema_migrations"."version" ASC[0m
  ↳ C:/RailsInstaller/Ruby2.3.0/bin/rake:23
Migrating to RemoveEventDateFromAppointments (20180806140721)
  [1m[35m (0.0ms)[0m  [1m[36mbegin transaction[0m
  ↳ C:/RailsInstaller/Ruby2.3.0/bin/rake:23
  [1m[36mActiveRecord::SchemaMigration Destroy (1.0ms)[0m  [1m[31mDELETE FROM "schema_migrations" WHERE "schema_migrations"."version" = ?[0m  [["version", "20180806140721"]]
  ↳ C:/RailsInstaller/Ruby2.3.0/bin/rake:23
  [1m[35m (6.9ms)[0m  [1m[36mcommit transaction[0m
  ↳ C:/RailsInstaller/Ruby2.3.0/bin/rake:23
  [1m[35m (0.0ms)[0m  [1m[34mSELECT "schema_migrations"."version" FROM "schema_migrations" ORDER BY "schema_migrations"."version" ASC[0m
  ↳ C:/RailsInstaller/Ruby2.3.0/bin/rake:23
  [1m[35m (0.0ms)[0m  [1m[34mSELECT "schema_migrations"."version" FROM "schema_migrations" ORDER BY "schema_migrations"."version" ASC[0m
  ↳ bin/rails:4
Migrating to RemoveEventDateFromAppointments (20180806141726)
  [1m[35m (0.0ms)[0m  [1m[36mbegin transaction[0m
  ↳ bin/rails:4
  [1m[35m (0.0ms)[0m  [1m[34mSELECT sqlite_version(*)[0m
  ↳ db/migrate/20180806141726_remove_event_date_from_appointments.rb:3
  [1m[35m (1.0ms)[0m  [1m[35mCREATE TEMPORARY TABLE "aappointments" ("id" integer NOT NULL PRIMARY KEY, "title" varchar DEFAULT NULL, "description" varchar DEFAULT NULL, "event_date" date DEFAULT NULL, "created_at" datetime NOT NULL, "updated_at" datetime NOT NULL, "recurring" varchar DEFAULT NULL)[0m
  ↳ db/migrate/20180806141726_remove_event_date_from_appointments.rb:3
  [1m[35m (7.1ms)[0m  [1m[32mINSERT INTO "aappointments" ("id","title","description","event_date","created_at","updated_at","recurring")
                     SELECT "id","title","description","event_date","created_at","updated_at","recurring" FROM "appointments"[0m
  ↳ db/migrate/20180806141726_remove_event_date_from_appointments.rb:3
  [1m[35m (0.9ms)[0m  [1m[35mDROP TABLE "appointments"[0m
  ↳ db/migrate/20180806141726_remove_event_date_from_appointments.rb:3
  [1m[35m (0.0ms)[0m  [1m[35mCREATE TABLE "appointments" ("id" integer NOT NULL PRIMARY KEY, "title" varchar DEFAULT NULL, "description" varchar DEFAULT NULL, "created_at" datetime NOT NULL, "updated_at" datetime NOT NULL, "recurring" varchar DEFAULT NULL)[0m
  ↳ db/migrate/20180806141726_remove_event_date_from_appointments.rb:3
  [1m[35m (1.0ms)[0m  [1m[32mINSERT INTO "appointments" ("id","title","description","created_at","updated_at","recurring")
                     SELECT "id","title","description","created_at","updated_at","recurring" FROM "aappointments"[0m
  ↳ db/migrate/20180806141726_remove_event_date_from_appointments.rb:3
  [1m[35m (1.0ms)[0m  [1m[35mDROP TABLE "aappointments"[0m
  ↳ db/migrate/20180806141726_remove_event_date_from_appointments.rb:3
  [1m[36mActiveRecord::SchemaMigration Create (0.0ms)[0m  [1m[32mINSERT INTO "schema_migrations" ("version") VALUES (?)[0m  [["version", "20180806141726"]]
  ↳ bin/rails:4
  [1m[35m (6.0ms)[0m  [1m[36mcommit transaction[0m
  ↳ bin/rails:4
  [1m[36mActiveRecord::InternalMetadata Load (1.0ms)[0m  [1m[34mSELECT  "ar_internal_metadata".* FROM "ar_internal_metadata" WHERE "ar_internal_metadata"."key" = ? LIMIT ?[0m  [["key", "environment"], ["LIMIT", 1]]
  ↳ bin/rails:4
  [1m[35m (0.0ms)[0m  [1m[36mbegin transaction[0m
  ↳ bin/rails:4
  [1m[35m (0.0ms)[0m  [1m[36mcommit transaction[0m
  ↳ bin/rails:4
  [1m[35m (1.0ms)[0m  [1m[34mSELECT "schema_migrations"."version" FROM "schema_migrations" ORDER BY "schema_migrations"."version" ASC[0m
  ↳ bin/rails:4
  [1m[35m (0.0ms)[0m  [1m[34mSELECT "schema_migrations"."version" FROM "schema_migrations" ORDER BY "schema_migrations"."version" ASC[0m
  ↳ bin/rails:4
  [1m[35m (0.0ms)[0m  [1m[34mSELECT "schema_migrations"."version" FROM "schema_migrations" ORDER BY "schema_migrations"."version" ASC[0m
  ↳ bin/rails:4
  [1m[35m (0.0ms)[0m  [1m[34mSELECT "schema_migrations"."version" FROM "schema_migrations" ORDER BY "schema_migrations"."version" ASC[0m
  ↳ bin/rails:4
  [1m[35m (0.0ms)[0m  [1m[34mSELECT "schema_migrations"."version" FROM "schema_migrations" ORDER BY "schema_migrations"."version" ASC[0m
  ↳ bin/rails:4
Migrating to RemoveEventDateFromAppointments (20180806141726)
  [1m[35m (0.0ms)[0m  [1m[36mbegin transaction[0m
  ↳ bin/rails:4
  [1m[35m (7.0ms)[0m  [1m[35mALTER TABLE "appointments" ADD "event_date" date[0m
  ↳ bin/rails:4
  [1m[36mActiveRecord::SchemaMigration Destroy (0.0ms)[0m  [1m[31mDELETE FROM "schema_migrations" WHERE "schema_migrations"."version" = ?[0m  [["version", "20180806141726"]]
  ↳ bin/rails:4
  [1m[35m (6.0ms)[0m  [1m[36mcommit transaction[0m
  ↳ bin/rails:4
  [1m[35m (0.0ms)[0m  [1m[34mSELECT "schema_migrations"."version" FROM "schema_migrations" ORDER BY "schema_migrations"."version" ASC[0m
  ↳ bin/rails:4
  [1m[35m (0.0ms)[0m  [1m[34mSELECT "schema_migrations"."version" FROM "schema_migrations" ORDER BY "schema_migrations"."version" ASC[0m
  ↳ bin/rails:4
Migrating to RemoveEventDateFromAppointments (20180806141726)
  [1m[35m (0.0ms)[0m  [1m[36mbegin transaction[0m
  ↳ bin/rails:4
  [1m[35m (0.0ms)[0m  [1m[34mSELECT sqlite_version(*)[0m
  ↳ db/migrate/20180806141726_remove_event_date_from_appointments.rb:3
  [1m[35m (0.0ms)[0m  [1m[35mCREATE TEMPORARY TABLE "aappointments" ("id" integer NOT NULL PRIMARY KEY, "title" varchar DEFAULT NULL, "description" varchar DEFAULT NULL, "created_at" datetime NOT NULL, "updated_at" datetime NOT NULL, "recurring" varchar DEFAULT NULL, "event_date" date DEFAULT NULL)[0m
  ↳ db/migrate/20180806141726_remove_event_date_from_appointments.rb:3
  [1m[35m (7.0ms)[0m  [1m[32mINSERT INTO "aappointments" ("id","title","description","created_at","updated_at","recurring","event_date")
                     SELECT "id","title","description","created_at","updated_at","recurring","event_date" FROM "appointments"[0m
  ↳ db/migrate/20180806141726_remove_event_date_from_appointments.rb:3
  [1m[35m (1.0ms)[0m  [1m[35mDROP TABLE "appointments"[0m
  ↳ db/migrate/20180806141726_remove_event_date_from_appointments.rb:3
  [1m[35m (0.0ms)[0m  [1m[35mCREATE TABLE "appointments" ("id" integer NOT NULL PRIMARY KEY, "title" varchar DEFAULT NULL, "description" varchar DEFAULT NULL, "created_at" datetime NOT NULL, "updated_at" datetime NOT NULL, "recurring" varchar DEFAULT NULL)[0m
  ↳ db/migrate/20180806141726_remove_event_date_from_appointments.rb:3
  [1m[35m (1.0ms)[0m  [1m[32mINSERT INTO "appointments" ("id","title","description","created_at","updated_at","recurring")
                     SELECT "id","title","description","created_at","updated_at","recurring" FROM "aappointments"[0m
  ↳ db/migrate/20180806141726_remove_event_date_from_appointments.rb:3
  [1m[35m (0.0ms)[0m  [1m[35mDROP TABLE "aappointments"[0m
  ↳ db/migrate/20180806141726_remove_event_date_from_appointments.rb:3
  [1m[36mActiveRecord::SchemaMigration Create (0.0ms)[0m  [1m[32mINSERT INTO "schema_migrations" ("version") VALUES (?)[0m  [["version", "20180806141726"]]
  ↳ bin/rails:4
  [1m[35m (5.0ms)[0m  [1m[36mcommit transaction[0m
  ↳ bin/rails:4
Migrating to AddEventDateToAppointments (20180806141908)
  [1m[35m (1.0ms)[0m  [1m[36mbegin transaction[0m
  ↳ bin/rails:4
  [1m[35m (1.0ms)[0m  [1m[35mALTER TABLE "appointments" ADD "event_date" datetime[0m
  ↳ db/migrate/20180806141908_add_event_date_to_appointments.rb:3
  [1m[36mActiveRecord::SchemaMigration Create (0.0ms)[0m  [1m[32mINSERT INTO "schema_migrations" ("version") VALUES (?)[0m  [["version", "20180806141908"]]
  ↳ bin/rails:4
  [1m[35m (6.0ms)[0m  [1m[36mcommit transaction[0m
  ↳ bin/rails:4
  [1m[36mActiveRecord::InternalMetadata Load (1.0ms)[0m  [1m[34mSELECT  "ar_internal_metadata".* FROM "ar_internal_metadata" WHERE "ar_internal_metadata"."key" = ? LIMIT ?[0m  [["key", "environment"], ["LIMIT", 1]]
  ↳ bin/rails:4
  [1m[35m (0.0ms)[0m  [1m[36mbegin transaction[0m
  ↳ bin/rails:4
  [1m[35m (0.0ms)[0m  [1m[36mcommit transaction[0m
  ↳ bin/rails:4
  [1m[35m (0.0ms)[0m  [1m[34mSELECT "schema_migrations"."version" FROM "schema_migrations" ORDER BY "schema_migrations"."version" ASC[0m
  ↳ bin/rails:4
Started POST "/appointments" for 127.0.0.1 at 2018-08-06 17:19:45 +0300
  [1m[35m (1.0ms)[0m  [1m[34mSELECT "schema_migrations"."version" FROM "schema_migrations" ORDER BY "schema_migrations"."version" ASC[0m
  ↳ C:/RailsInstaller/Ruby2.3.0/lib/ruby/gems/2.3.0/gems/activerecord-5.2.0/lib/active_record/log_subscriber.rb:98
Processing by AppointmentsController#create as */*
  Parameters: {"title"=>"Deneme 5", "description"=>"denemedeneme", "event_date"=>"2016-11-02 02:31:00", "recurring"=>"All week", "appointment"=>{"title"=>"Deneme 5", "description"=>"denemedeneme", "recurring"=>"All week", "event_date"=>"2016-11-02 02:31:00"}}
  [1m[35m (0.0ms)[0m  [1m[36mbegin transaction[0m
  ↳ app/controllers/appointments_controller.rb:20
  [1m[36mAppointment Create (8.0ms)[0m  [1m[32mINSERT INTO "appointments" ("title", "description", "created_at", "updated_at", "recurring", "event_date") VALUES (?, ?, ?, ?, ?, ?)[0m  [["title", "Deneme 5"], ["description", "denemedeneme"], ["created_at", "2018-08-06 14:19:46.277739"], ["updated_at", "2018-08-06 14:19:46.277739"], ["recurring", "All week"], ["event_date", "2016-11-02 02:31:00"]]
  ↳ app/controllers/appointments_controller.rb:20
  [1m[35m (5.0ms)[0m  [1m[36mcommit transaction[0m
  ↳ app/controllers/appointments_controller.rb:20
Completed 201 Created in 38ms (Views: 3.9ms | ActiveRecord: 15.0ms)


